c:\users\xenolupus\source\repos\dynamicprogramming\dynamicprogramming\debug\vc142.pdb
c:\users\xenolupus\source\repos\dynamicprogramming\dynamicprogramming\debug\vc142.idb
c:\users\xenolupus\source\repos\dynamicprogramming\dynamicprogramming\debug\main.obj
c:\users\xenolupus\source\repos\dynamicprogramming\dynamicprogramming\debug\dpbase.obj
c:\users\xenolupus\source\repos\dynamicprogramming\dynamicprogramming\debug\009_coinchange.obj
c:\users\xenolupus\source\repos\dynamicprogramming\dynamicprogramming\debug\008_goldmine.obj
c:\users\xenolupus\source\repos\dynamicprogramming\dynamicprogramming\debug\007_tilingproblem.obj
c:\users\xenolupus\source\repos\dynamicprogramming\dynamicprogramming\debug\006_permutationcoefficient.obj
c:\users\xenolupus\source\repos\dynamicprogramming\dynamicprogramming\debug\005_binomialcoefficient.obj
c:\users\xenolupus\source\repos\dynamicprogramming\dynamicprogramming\debug\004_bellnumbers.obj
c:\users\xenolupus\source\repos\dynamicprogramming\dynamicprogramming\debug\003_catalan.obj
c:\users\xenolupus\source\repos\dynamicprogramming\dynamicprogramming\debug\002_fibonacci.obj
c:\users\xenolupus\source\repos\dynamicprogramming\dynamicprogramming\debug\001_uglynumbers.obj
c:\users\xenolupus\source\repos\dynamicprogramming\dynamicprogramming\debug\010_friendspairing.obj
c:\users\xenolupus\source\repos\dynamicprogramming\dynamicprogramming\debug\011_subsetsum.obj
c:\users\xenolupus\source\repos\dynamicprogramming\debug\dynamicprogramming.exe
c:\users\xenolupus\source\repos\dynamicprogramming\debug\dynamicprogramming.ilk
c:\users\xenolupus\source\repos\dynamicprogramming\debug\dynamicprogramming.pdb
c:\users\xenolupus\source\repos\dynamicprogramming\dynamicprogramming\debug\dynamicp.3508475b.tlog\cl.command.1.tlog
c:\users\xenolupus\source\repos\dynamicprogramming\dynamicprogramming\debug\dynamicp.3508475b.tlog\cl.read.1.tlog
c:\users\xenolupus\source\repos\dynamicprogramming\dynamicprogramming\debug\dynamicp.3508475b.tlog\cl.write.1.tlog
c:\users\xenolupus\source\repos\dynamicprogramming\dynamicprogramming\debug\dynamicp.3508475b.tlog\link.command.1.tlog
c:\users\xenolupus\source\repos\dynamicprogramming\dynamicprogramming\debug\dynamicp.3508475b.tlog\link.read.1.tlog
c:\users\xenolupus\source\repos\dynamicprogramming\dynamicprogramming\debug\dynamicp.3508475b.tlog\link.write.1.tlog
